#
# There is insufficient memory for the Java Runtime Environment to continue.
# Native memory allocation (malloc) failed to allocate 227216 bytes for Chunk::new
# Possible reasons:
#   The system is out of physical RAM or swap space
#   In 32 bit mode, the process size limit was hit
# Possible solutions:
#   Reduce memory load on the system
#   Increase physical memory or swap space
#   Check if swap backing store is full
#   Use 64 bit Java on a 64 bit OS
#   Decrease Java heap size (-Xmx/-Xms)
#   Decrease number of Java threads
#   Decrease Java thread stack sizes (-Xss)
#   Set larger code cache with -XX:ReservedCodeCacheSize=
# This output file may be truncated or incomplete.
#
#  Out of Memory Error (allocation.cpp:390), pid=7240, tid=1212
#
# JRE version: Java(TM) SE Runtime Environment (8.0_20-b26) (build 1.8.0_20-b26)
# Java VM: Java HotSpot(TM) 64-Bit Server VM (25.20-b23 mixed mode windows-amd64 compressed oops)
# Failed to write core dump. Minidumps are not enabled by default on client versions of Windows
#

---------------  T H R E A D  ---------------

Current thread (0x0000000016399000):  JavaThread "C2 CompilerThread1" daemon [_thread_in_native, id=1212, stack(0x0000000016b60000,0x0000000016c60000)]

Stack: [0x0000000016b60000,0x0000000016c60000]
Native frames: (J=compiled Java code, j=interpreted, Vv=VM code, C=native code)
V  [jvm.dll+0x3152fa]


Current CompileTask:
C2: 726471 8743   !   4       groovy.lang.MetaClassImpl::getPropName (81 bytes)


---------------  P R O C E S S  ---------------

Java Threads: ( => current thread )
  0x000000001bd20000 JavaThread "Stdin handler" [_thread_blocked, id=7988, stack(0x00000000195e0000,0x00000000196e0000)]
  0x000000001bd1f800 JavaThread "Cancel handler" [_thread_blocked, id=5912, stack(0x00000000192f0000,0x00000000193f0000)]
  0x000000001bd1e800 JavaThread "Handler for socket connection from /127.0.0.1:27839 to /127.0.0.1:28400" [_thread_in_native, id=8596, stack(0x00000000191f0000,0x00000000192f0000)]
  0x000000001c165800 JavaThread "Daemon worker Thread 2" [_thread_in_Java, id=2168, stack(0x000000001c5e0000,0x000000001c6e0000)]
  0x00000000164a8000 JavaThread "Daemon Thread 2" [_thread_blocked, id=2920, stack(0x0000000019030000,0x0000000019130000)]
  0x00000000181fe800 JavaThread "File lock request listener" [_thread_in_native, id=3216, stack(0x00000000194b0000,0x00000000195b0000)]
  0x00000000180bd000 JavaThread "Incoming local TCP Connector on port 27839" [_thread_in_native, id=7900, stack(0x0000000018d20000,0x0000000018e20000)]
  0x000000001639d000 JavaThread "Service Thread" daemon [_thread_blocked, id=7348, stack(0x0000000016d20000,0x0000000016e20000)]
  0x0000000016399800 JavaThread "C1 CompilerThread2" daemon [_thread_in_vm, id=2272, stack(0x0000000016e30000,0x0000000016f30000)]
=>0x0000000016399000 JavaThread "C2 CompilerThread1" daemon [_thread_in_native, id=1212, stack(0x0000000016b60000,0x0000000016c60000)]
  0x000000001524e800 JavaThread "C2 CompilerThread0" daemon [_thread_in_native, id=6760, stack(0x00000000167e0000,0x00000000168e0000)]
  0x000000001524c000 JavaThread "Attach Listener" daemon [_thread_blocked, id=720, stack(0x0000000016a40000,0x0000000016b40000)]
  0x000000001638a800 JavaThread "Signal Dispatcher" daemon [_thread_blocked, id=6836, stack(0x0000000016910000,0x0000000016a10000)]
  0x00000000151e0800 JavaThread "Finalizer" daemon [_thread_blocked, id=2088, stack(0x0000000015fa0000,0x00000000160a0000)]
  0x00000000151dd000 JavaThread "Reference Handler" daemon [_thread_blocked, id=1984, stack(0x0000000016280000,0x0000000016380000)]
  0x00000000023f8000 JavaThread "main" [_thread_blocked, id=9076, stack(0x0000000002810000,0x0000000002910000)]

Other Threads:
  0x00000000151d7800 VMThread [stack: 0x00000000160c0000,0x00000000161c0000] [id=9064]
  0x00000000163f3000 WatcherThread [stack: 0x0000000017050000,0x0000000017150000] [id=3268]

VM state:not at safepoint (normal execution)

VM Mutex/Monitor currently owned by a thread: None

Heap:
 PSYoungGen      total 322560K, used 9111K [0x00000000eab00000, 0x0000000100000000, 0x0000000100000000)
  eden space 305664K, 2% used [0x00000000eab00000,0x00000000eb3e5fc0,0x00000000fd580000)
  from space 16896K, 0% used [0x00000000fd580000,0x00000000fd580000,0x00000000fe600000)
  to   space 24064K, 0% used [0x00000000fe880000,0x00000000fe880000,0x0000000100000000)
 ParOldGen       total 53760K, used 37591K [0x00000000c0000000, 0x00000000c3480000, 0x00000000eab00000)
  object space 53760K, 69% used [0x00000000c0000000,0x00000000c24b5f40,0x00000000c3480000)
 Metaspace       used 51826K, capacity 53268K, committed 56488K, reserved 1099776K
  class space    used 6833K, capacity 7323K, committed 8360K, reserved 1048576K

Card table byte_map: [0x0000000011cd0000,0x0000000011ee0000] byte_map_base: 0x00000000116d0000

Marking Bits: (ParMarkBitMap*) 0x000000005134b460
 Begin Bits: [0x0000000012650000, 0x0000000013650000)
 End Bits:   [0x0000000013650000, 0x0000000014650000)

Polling page: 0x0000000000330000

CodeCache: size=245760Kb used=24701Kb max_used=24932Kb free=221058Kb
 bounds [0x0000000002910000, 0x0000000004190000, 0x0000000011910000]
 total_blobs=8029 nmethods=7326 adapters=614
 compilation: enabled

Compilation events (10 events):
Event: 726.259 Thread 0x000000001524e800 nmethod 8756 0x000000000417acd0 code [0x000000000417ae20, 0x000000000417b378]
Event: 726.264 Thread 0x0000000016399800 8758       3       org.codehaus.groovy.util.ReferenceManager$1::afterReferenceCreation (5 bytes)
Event: 726.264 Thread 0x0000000016399800 nmethod 8758 0x0000000002a5e7d0 code [0x0000000002a5e940, 0x0000000002a5eb48]
Event: 726.266 Thread 0x0000000016399800 8759       3       java.lang.Class::reflectionData (49 bytes)
Event: 726.266 Thread 0x0000000016399800 nmethod 8759 0x0000000002abc890 code [0x0000000002abca20, 0x0000000002abcf28]
Event: 726.267 Thread 0x000000001524e800 8760  s!   4       java.beans.PropertyDescriptor::getReadMethod (175 bytes)
Event: 726.268 Thread 0x0000000016399800 8766       3       org.codehaus.groovy.reflection.ParameterTypes::getParameterTypes (16 bytes)
Event: 726.268 Thread 0x0000000016399800 nmethod 8766 0x0000000002caa9d0 code [0x0000000002caab40, 0x0000000002caad28]
Event: 726.269 Thread 0x0000000016399800 8764       3       sun.reflect.generics.scope.MethodScope::computeEnclosingScope (8 bytes)
Event: 726.270 Thread 0x0000000016399800 nmethod 8764 0x0000000002ab7e50 code [0x0000000002ab7fe0, 0x0000000002ab8570]

GC Heap History (10 events):
Event: 21.365 GC heap before
{Heap before GC invocations=14 (full 3):
 PSYoungGen      total 322560K, used 16871K [0x00000000eab00000, 0x0000000100000000, 0x0000000100000000)
  eden space 305664K, 0% used [0x00000000eab00000,0x00000000eab00000,0x00000000fd580000)
  from space 16896K, 99% used [0x00000000fd580000,0x00000000fe5f9cf0,0x00000000fe600000)
  to   space 24064K, 0% used [0x00000000fe880000,0x00000000fe880000,0x0000000100000000)
 ParOldGen       total 53760K, used 34919K [0x00000000c0000000, 0x00000000c3480000, 0x00000000eab00000)
  object space 53760K, 64% used [0x00000000c0000000,0x00000000c2219d90,0x00000000c3480000)
 Metaspace       used 43760K, capacity 45672K, committed 45736K, reserved 1087488K
  class space    used 6057K, capacity 6765K, committed 6824K, reserved 1048576K
Event: 22.213 GC heap after
Heap after GC invocations=14 (full 3):
 PSYoungGen      total 322560K, used 0K [0x00000000eab00000, 0x0000000100000000, 0x0000000100000000)
  eden space 305664K, 0% used [0x00000000eab00000,0x00000000eab00000,0x00000000fd580000)
  from space 16896K, 0% used [0x00000000fd580000,0x00000000fd580000,0x00000000fe600000)
  to   space 24064K, 0% used [0x00000000fe880000,0x00000000fe880000,0x0000000100000000)
 ParOldGen       total 53760K, used 49729K [0x00000000c0000000, 0x00000000c3480000, 0x00000000eab00000)
  object space 53760K, 92% used [0x00000000c0000000,0x00000000c3090770,0x00000000c3480000)
 Metaspace       used 43760K, capacity 45672K, committed 45736K, reserved 1087488K
  class space    used 6057K, capacity 6765K, committed 6824K, reserved 1048576K
}
Event: 663.844 GC heap before
{Heap before GC invocations=15 (full 4):
 PSYoungGen      total 322560K, used 305664K [0x00000000eab00000, 0x0000000100000000, 0x0000000100000000)
  eden space 305664K, 100% used [0x00000000eab00000,0x00000000fd580000,0x00000000fd580000)
  from space 16896K, 0% used [0x00000000fd580000,0x00000000fd580000,0x00000000fe600000)
  to   space 24064K, 0% used [0x00000000fe880000,0x00000000fe880000,0x0000000100000000)
 ParOldGen       total 53760K, used 49729K [0x00000000c0000000, 0x00000000c3480000, 0x00000000eab00000)
  object space 53760K, 92% used [0x00000000c0000000,0x00000000c3090770,0x00000000c3480000)
 Metaspace       used 51754K, capacity 54286K, committed 54440K, reserved 1095680K
  class space    used 7128K, capacity 8001K, committed 8104K, reserved 1048576K
Event: 664.529 GC heap after
Heap after GC invocations=15 (full 4):
 PSYoungGen      total 322560K, used 8339K [0x00000000eab00000, 0x0000000100000000, 0x0000000100000000)
  eden space 305664K, 2% used [0x00000000eab00000,0x00000000eb324f30,0x00000000fd580000)
  from space 16896K, 0% used [0x00000000fd580000,0x00000000fd580000,0x00000000fe600000)
  to   space 24064K, 0% used [0x00000000fe880000,0x00000000fe880000,0x0000000100000000)
 ParOldGen       total 53760K, used 53448K [0x00000000c0000000, 0x00000000c3480000, 0x00000000eab00000)
  object space 53760K, 99% used [0x00000000c0000000,0x00000000c3432180,0x00000000c3480000)
 Metaspace       used 51754K, capacity 54286K, committed 54440K, reserved 1095680K
  class space    used 7128K, capacity 8001K, committed 8104K, reserved 1048576K
}
Event: 666.457 GC heap before
{Heap before GC invocations=16 (full 5):
 PSYoungGen      total 322560K, used 99478K [0x00000000eab00000, 0x0000000100000000, 0x0000000100000000)
  eden space 305664K, 32% used [0x00000000eab00000,0x00000000f0c25828,0x00000000fd580000)
  from space 16896K, 0% used [0x00000000fd580000,0x00000000fd580000,0x00000000fe600000)
  to   space 24064K, 0% used [0x00000000fe880000,0x00000000fe880000,0x0000000100000000)
 ParOldGen       total 53760K, used 53448K [0x00000000c0000000, 0x00000000c3480000, 0x00000000eab00000)
  object space 53760K, 99% used [0x00000000c0000000,0x00000000c3432180,0x00000000c3480000)
 Metaspace       used 53507K, capacity 56096K, committed 56360K, reserved 1097728K
  class space    used 7296K, capacity 8202K, committed 8232K, reserved 1048576K
Event: 666.883 GC heap after
Heap after GC invocations=16 (full 5):
 PSYoungGen      total 322560K, used 4636K [0x00000000eab00000, 0x0000000100000000, 0x0000000100000000)
  eden space 305664K, 1% used [0x00000000eab00000,0x00000000eaf87340,0x00000000fd580000)
  from space 16896K, 0% used [0x00000000fd580000,0x00000000fd580000,0x00000000fe600000)
  to   space 24064K, 0% used [0x00000000fe880000,0x00000000fe880000,0x0000000100000000)
 ParOldGen       total 53760K, used 53755K [0x00000000c0000000, 0x00000000c3480000, 0x00000000eab00000)
  object space 53760K, 99% used [0x00000000c0000000,0x00000000c347ec18,0x00000000c3480000)
 Metaspace       used 53406K, capacity 55924K, committed 56360K, reserved 1097728K
  class space    used 7280K, capacity 8162K, committed 8232K, reserved 1048576K
}
Event: 725.393 GC heap before
{Heap before GC invocations=17 (full 6):
 PSYoungGen      total 322560K, used 85429K [0x00000000eab00000, 0x0000000100000000, 0x0000000100000000)
  eden space 305664K, 27% used [0x00000000eab00000,0x00000000efe6d608,0x00000000fd580000)
  from space 16896K, 0% used [0x00000000fd580000,0x00000000fd580000,0x00000000fe600000)
  to   space 24064K, 0% used [0x00000000fe880000,0x00000000fe880000,0x0000000100000000)
 ParOldGen       total 53760K, used 53755K [0x00000000c0000000, 0x00000000c3480000, 0x00000000eab00000)
  object space 53760K, 99% used [0x00000000c0000000,0x00000000c347ec18,0x00000000c3480000)
 Metaspace       used 53714K, capacity 56336K, committed 56488K, reserved 1101824K
  class space    used 7314K, capacity 8235K, committed 8360K, reserved 1048576K
Event: 725.792 GC heap after
Heap after GC invocations=17 (full 6):
 PSYoungGen      total 322560K, used 3187K [0x00000000eab00000, 0x0000000100000000, 0x0000000100000000)
  eden space 305664K, 1% used [0x00000000eab00000,0x00000000eae1cd88,0x00000000fd580000)
  from space 16896K, 0% used [0x00000000fd580000,0x00000000fd580000,0x00000000fe600000)
  to   space 24064K, 0% used [0x00000000fe880000,0x00000000fe880000,0x0000000100000000)
 ParOldGen       total 53760K, used 53608K [0x00000000c0000000, 0x00000000c3480000, 0x00000000eab00000)
  object space 53760K, 99% used [0x00000000c0000000,0x00000000c345a188,0x00000000c3480000)
 Metaspace       used 53714K, capacity 56336K, committed 56488K, reserved 1099776K
  class space    used 7314K, capacity 8235K, committed 8360K, reserved 1048576K
}
Event: 725.792 GC heap before
{Heap before GC invocations=18 (full 7):
 PSYoungGen      total 322560K, used 3187K [0x00000000eab00000, 0x0000000100000000, 0x0000000100000000)
  eden space 305664K, 1% used [0x00000000eab00000,0x00000000eae1cd88,0x00000000fd580000)
  from space 16896K, 0% used [0x00000000fd580000,0x00000000fd580000,0x00000000fe600000)
  to   space 24064K, 0% used [0x00000000fe880000,0x00000000fe880000,0x0000000100000000)
 ParOldGen       total 53760K, used 53608K [0x00000000c0000000, 0x00000000c3480000, 0x00000000eab00000)
  object space 53760K, 99% used [0x00000000c0000000,0x00000000c345a188,0x00000000c3480000)
 Metaspace       used 53714K, capacity 56336K, committed 56488K, reserved 1103872K
  class space    used 7314K, capacity 8235K, committed 8360K, reserved 1048576K
Event: 726.160 GC heap after
Heap after GC invocations=18 (full 7):
 PSYoungGen      total 322560K, used 0K [0x00000000eab00000, 0x0000000100000000, 0x0000000100000000)
  eden space 305664K, 0% used [0x00000000eab00000,0x00000000eab00000,0x00000000fd580000)
  from space 16896K, 0% used [0x00000000fd580000,0x00000000fd580000,0x00000000fe600000)
  to   space 24064K, 0% used [0x00000000fe880000,0x00000000fe880000,0x0000000100000000)
 ParOldGen       total 53760K, used 37591K [0x00000000c0000000, 0x00000000c3480000, 0x00000000eab00000)
  object space 53760K, 69% used [0x00000000c0000000,0x00000000c24b5f40,0x00000000c3480000)
 Metaspace       used 51794K, capacity 53162K, committed 56488K, reserved 1099776K
  class space    used 6829K, capacity 7316K, committed 8360K, reserved 1048576K
}

Deoptimization events (10 events):
Event: 726.165 Thread 0x000000001c165800 Uncommon trap: reason=null_check action=make_not_entrant pc=0x0000000003933588 method=java.lang.Class.reflectionData()Ljava/lang/Class$ReflectionData; @ 24
Event: 726.165 Thread 0x000000001c165800 Uncommon trap: reason=null_check action=make_not_entrant pc=0x00000000030e3c64 method=java.lang.Class.reflectionData()Ljava/lang/Class$ReflectionData; @ 24
Event: 726.179 Thread 0x000000001c165800 Uncommon trap: reason=null_check action=make_not_entrant pc=0x00000000037124f4 method=java.beans.MethodRef.get()Ljava/lang/reflect/Method; @ 16
Event: 726.184 Thread 0x000000001c165800 Uncommon trap: reason=null_check action=make_not_entrant pc=0x00000000035333d4 method=java.beans.MethodRef.get()Ljava/lang/reflect/Method; @ 16
Event: 726.185 Thread 0x000000001c165800 Uncommon trap: reason=null_check action=make_not_entrant pc=0x0000000002bdafb4 method=java.beans.MethodRef.get()Ljava/lang/reflect/Method; @ 16
Event: 726.223 Thread 0x000000001c165800 Uncommon trap: reason=null_check action=make_not_entrant pc=0x00000000039606dc method=java.lang.Class.reflectionData()Ljava/lang/Class$ReflectionData; @ 24
Event: 726.223 Thread 0x000000001c165800 Uncommon trap: reason=null_check action=make_not_entrant pc=0x0000000003a3d1dc method=java.lang.Class.reflectionData()Ljava/lang/Class$ReflectionData; @ 24
Event: 726.224 Thread 0x000000001c165800 Uncommon trap: reason=class_check action=maybe_recompile pc=0x0000000002ac4e98 method=java.lang.String.equals(Ljava/lang/Object;)Z @ 8
Event: 726.227 Thread 0x000000001c165800 Uncommon trap: reason=null_check action=make_not_entrant pc=0x0000000003a152a4 method=java.lang.Class.reflectionData()Ljava/lang/Class$ReflectionData; @ 24
Event: 726.263 Thread 0x000000001c165800 Uncommon trap: reason=unreached action=reinterpret pc=0x0000000003725fb8 method=org.codehaus.groovy.util.LazyReference.get()Ljava/lang/Object; @ 33

Internal exceptions (10 events):
Event: 726.231 Thread 0x000000001c165800 Exception <a 'java/lang/NoSuchMethodError': <clinit>> (0x00000000eab7f0e8) thrown at [D:\re\workspace\8-2-build-windows-amd64-cygwin\jdk8u20\1074\hotspot\src\share\vm\prims\jni.cpp, line 1603]
Event: 726.231 Thread 0x000000001c165800 Exception <a 'java/lang/NoSuchMethodError': <clinit>> (0x00000000eab83cd0) thrown at [D:\re\workspace\8-2-build-windows-amd64-cygwin\jdk8u20\1074\hotspot\src\share\vm\prims\jni.cpp, line 1603]
Event: 726.231 Thread 0x000000001c165800 Exception <a 'java/lang/NoSuchMethodError': <clinit>> (0x00000000eab86420) thrown at [D:\re\workspace\8-2-build-windows-amd64-cygwin\jdk8u20\1074\hotspot\src\share\vm\prims\jni.cpp, line 1603]
Event: 726.253 Thread 0x000000001c165800 Exception <a 'java/lang/NoSuchMethodError': <clinit>> (0x00000000eabb9028) thrown at [D:\re\workspace\8-2-build-windows-amd64-cygwin\jdk8u20\1074\hotspot\src\share\vm\prims\jni.cpp, line 1603]
Event: 726.254 Thread 0x000000001c165800 Exception <a 'java/security/PrivilegedActionException'> (0x00000000eabc2b60) thrown at [D:\re\workspace\8-2-build-windows-amd64-cygwin\jdk8u20\1074\hotspot\src\share\vm\prims\jvm.cpp, line 1275]
Event: 726.255 Thread 0x000000001c165800 Exception <a 'java/security/PrivilegedActionException'> (0x00000000eabc4290) thrown at [D:\re\workspace\8-2-build-windows-amd64-cygwin\jdk8u20\1074\hotspot\src\share\vm\prims\jvm.cpp, line 1275]
Event: 726.255 Thread 0x000000001c165800 Exception <a 'java/security/PrivilegedActionException'> (0x00000000eabcd0d0) thrown at [D:\re\workspace\8-2-build-windows-amd64-cygwin\jdk8u20\1074\hotspot\src\share\vm\prims\jvm.cpp, line 1275]
Event: 726.271 Thread 0x000000001c165800 Exception <a 'java/security/PrivilegedActionException'> (0x00000000eac5d3a8) thrown at [D:\re\workspace\8-2-build-windows-amd64-cygwin\jdk8u20\1074\hotspot\src\share\vm\prims\jvm.cpp, line 1275]
Event: 726.271 Thread 0x000000001c165800 Exception <a 'java/security/PrivilegedActionException'> (0x00000000eac5ea90) thrown at [D:\re\workspace\8-2-build-windows-amd64-cygwin\jdk8u20\1074\hotspot\src\share\vm\prims\jvm.cpp, line 1275]
Event: 726.271 Thread 0x000000001c165800 Exception <a 'java/security/PrivilegedActionException'> (0x00000000eac67450) thrown at [D:\re\workspace\8-2-build-windows-amd64-cygwin\jdk8u20\1074\hotspot\src\share\vm\prims\jvm.cpp, line 1275]

Events (10 events):
Event: 726.268 Thread 0x0000000016399800 flushing nmethod 0x0000000002d1b590
Event: 726.268 Thread 0x0000000016399800 flushing nmethod 0x0000000002d26450
Event: 726.268 Thread 0x0000000016399800 flushing nmethod 0x0000000002d3f510
Event: 726.268 Thread 0x0000000016399800 flushing nmethod 0x0000000002d3fd50
Event: 726.269 Thread 0x0000000016399800 flushing nmethod 0x0000000002df5b90
Event: 726.270 Thread 0x0000000016399800 flushing nmethod 0x0000000002e34210
Event: 726.270 Thread 0x0000000016399800 flushing nmethod 0x0000000002e37c90
Event: 726.270 Thread 0x0000000016399800 flushing nmethod 0x0000000002e3c690
Event: 726.271 loading class groovy/runtime/metaclass/com/android/build/gradle/internal/variant/TestVariantDataMetaClass
Event: 726.271 loading class groovy/runtime/metaclass/com/android/build/gradle/internal/variant/TestVariantDataMetaClass done


Dynamic libraries:
0x000000013f0f0000 - 0x000000013f124000 	C:\Program Files\Java\jdk1.8.0_20\bin\java.exe
0x0000000076e50000 - 0x0000000076ff9000 	C:\Windows\SYSTEM32\ntdll.dll
0x0000000076d30000 - 0x0000000076e50000 	C:\Windows\system32\kernel32.dll
0x000007fefcc50000 - 0x000007fefccbc000 	C:\Windows\system32\KERNELBASE.dll
0x000007fefe840000 - 0x000007fefe91b000 	C:\Windows\system32\ADVAPI32.dll
0x000007fefeb70000 - 0x000007fefec0f000 	C:\Windows\system32\msvcrt.dll
0x000007fefd0a0000 - 0x000007fefd0bf000 	C:\Windows\SYSTEM32\sechost.dll
0x000007fefd450000 - 0x000007fefd57d000 	C:\Windows\system32\RPCRT4.dll
0x0000000076c30000 - 0x0000000076d2a000 	C:\Windows\system32\USER32.dll
0x000007fefedf0000 - 0x000007fefee57000 	C:\Windows\system32\GDI32.dll
0x000007fefea00000 - 0x000007fefea0e000 	C:\Windows\system32\LPK.dll
0x000007fefee60000 - 0x000007fefef29000 	C:\Windows\system32\USP10.dll
0x000007fefb5f0000 - 0x000007fefb7e4000 	C:\Windows\WinSxS\amd64_microsoft.windows.common-controls_6595b64144ccf1df_6.0.7601.18837_none_fa3b1e3d17594757\COMCTL32.dll
0x000007fefd0c0000 - 0x000007fefd131000 	C:\Windows\system32\SHLWAPI.dll
0x000007fefd850000 - 0x000007fefd87e000 	C:\Windows\system32\IMM32.DLL
0x000007fefea10000 - 0x000007fefeb19000 	C:\Windows\system32\MSCTF.dll
0x0000000063960000 - 0x0000000063a32000 	C:\Program Files\Java\jdk1.8.0_20\jre\bin\msvcr100.dll
0x0000000050b70000 - 0x00000000513c8000 	C:\Program Files\Java\jdk1.8.0_20\jre\bin\server\jvm.dll
0x000007fef7ab0000 - 0x000007fef7ab9000 	C:\Windows\system32\WSOCK32.dll
0x000007fefeb20000 - 0x000007fefeb6d000 	C:\Windows\system32\WS2_32.dll
0x000007fefd090000 - 0x000007fefd098000 	C:\Windows\system32\NSI.dll
0x000007fefa820000 - 0x000007fefa85b000 	C:\Windows\system32\WINMM.dll
0x0000000077010000 - 0x0000000077017000 	C:\Windows\system32\PSAPI.DLL
0x0000000070630000 - 0x000000007063f000 	C:\Program Files\Java\jdk1.8.0_20\jre\bin\verify.dll
0x0000000070600000 - 0x0000000070628000 	C:\Program Files\Java\jdk1.8.0_20\jre\bin\java.dll
0x00000000705e0000 - 0x00000000705f6000 	C:\Program Files\Java\jdk1.8.0_20\jre\bin\zip.dll
0x000007fefd880000 - 0x000007fefe609000 	C:\Windows\system32\SHELL32.dll
0x000007fefe630000 - 0x000007fefe833000 	C:\Windows\system32\ole32.dll
0x000007fefcc00000 - 0x000007fefcc0f000 	C:\Windows\system32\profapi.dll
0x00000000705c0000 - 0x00000000705da000 	C:\Program Files\Java\jdk1.8.0_20\jre\bin\net.dll
0x000007fefc410000 - 0x000007fefc465000 	C:\Windows\system32\mswsock.dll
0x000007fefc560000 - 0x000007fefc567000 	C:\Windows\System32\wship6.dll
0x00000000705a0000 - 0x00000000705b1000 	C:\Program Files\Java\jdk1.8.0_20\jre\bin\nio.dll
0x000007fef7550000 - 0x000007fef7562000 	C:\Users\LG\.gradle\native\19\windows-amd64\native-platform.dll
0x000007fefa520000 - 0x000007fefa547000 	C:\Windows\system32\IPHLPAPI.DLL
0x000007fefa510000 - 0x000007fefa51b000 	C:\Windows\system32\WINNSI.DLL
0x000007fefa320000 - 0x000007fefa331000 	C:\Windows\system32\dhcpcsvc6.DLL
0x000007fefa300000 - 0x000007fefa318000 	C:\Windows\system32\dhcpcsvc.DLL
0x000007fefc470000 - 0x000007fefc488000 	C:\Windows\system32\CRYPTSP.dll
0x000007fefc180000 - 0x000007fefc1c7000 	C:\Windows\system32\rsaenh.dll
0x000007fefcc30000 - 0x000007fefcc4e000 	C:\Windows\system32\USERENV.dll
0x000007fefca50000 - 0x000007fefca5f000 	C:\Windows\system32\CRYPTBASE.dll
0x000007fefc9f0000 - 0x000007fefca47000 	C:\Windows\system32\apphelp.dll
0x00000000703f0000 - 0x00000000703fd000 	C:\Program Files\Java\jdk1.8.0_20\jre\bin\management.dll

VM Arguments:
jvm_args: -XX:MaxPermSize=256m -XX:+HeapDumpOnOutOfMemoryError -Xmx1024m -Dfile.encoding=x-windows-949 -Duser.country=KR -Duser.language=ko -Duser.variant 
java_command: org.gradle.launcher.daemon.bootstrap.GradleDaemon 2.4 C:\Users\LG\.gradle C:\Users\LG\.gradle\daemon 10800000 0d6157d2-f561-474d-8489-6fdf15215cdf -XX:MaxPermSize=256m -XX:+HeapDumpOnOutOfMemoryError -Xmx1024m -Dfile.encoding=x-windows-949 -Duser.country=KR -Duser.language=ko -Duser.variant
java_class_path (initial): C:\Users\LG\.gradle\wrapper\dists\gradle-2.4-all\6r4uqcc6ovnq6ac6s0txzcpc0\gradle-2.4\lib\gradle-launcher-2.4.jar
Launcher Type: SUN_STANDARD

Environment Variables:
JAVA_HOME=C:\Program Files\Java\jdk1.8.0_20
CLASSPATH=%classpath%;.;C:\Users\LG\Desktop\tla\tla;.;C:\Users\LG\Desktop\tla\tla;.;C:\Users\LG\Desktop\tla\tla;.;C:\Users\LG\Desktop\tla\tla
PATH=C:\ProgramData\Oracle\Java\javapath;C:\Program Files (x86)\Intel\iCLS Client\;C:\Program Files\Intel\iCLS Client\;C:\Windows\system32;C:\Windows;C:\Windows\System32\Wbem;C:\Windows\System32\WindowsPowerShell\v1.0\;C:\Program Files\Intel\Intel(R) Management Engine Components\DAL;C:\Program Files\Intel\Intel(R) Management Engine Components\IPT;C:\Program Files (x86)\Intel\Intel(R) Management Engine Components\DAL;C:\Program Files (x86)\Intel\Intel(R) Management Engine Components\IPT;C:\Program Files (x86)\Microsoft SQL Server\100\Tools\Binn\;C:\Program Files\Microsoft SQL Server\100\Tools\Binn\;C:\Program Files\Microsoft SQL Server\100\DTS\Binn\;C:\Program Files\Microsoft SQL Server\Client SDK\ODBC\110\Tools\Binn\;C:\Program Files (x86)\Microsoft SQL Server\120\Tools\Binn\;C:\Program Files\Microsoft SQL Server\120\Tools\Binn\;C:\Program Files\Microsoft SQL Server\120\DTS\Binn\;C:\Program Files (x86)\Microsoft SQL Server\120\Tools\Binn\ManagementStudio\;C:\Program Files (x86)\Microsoft SQL Server\120\DTS\Binn\;C:\Program Files\Java\jdk1.8.0_20\bin;C:\Program Files\TortoiseSVN\bin;C:\Python27;C:\Program Files\Java\jdk1.8.0_20\bin;C:\Users\LG\android-sdk\tools;C:\Users\LG\Desktop\tool\apache-maven-3.2.5\bin;C:\Users\LG\Desktop\tool\apache-ant-1.9.4\bin;C:\Users\LG\Desktop\NuSMV\bin;C:\masm32\lib;C:\Program Files (x86)\Git\bin;C:\masm32\bin;C:\Users\LG\AppData\Local\Android\android-sdk;C:\Program Files (x86)\nodejs\;C:\Program Files (x86)\Skype\Phone\;C:\Users\LG\Desktop\tla\tla;C:\Program Files\Intel\WiFi\bin\;C:\Program Files\Common Files\Intel\WirelessCommon\;C:\Python27;C:\Program Files\Java\jdk1.8.0_20\bin;C:\masm32\lib;C:\masm32\bin;C:\Users\LG\AppData\Roaming\npm;C:\Users\LG\Desktop\tla\tla;C:\texlive\2015\bin\win32;C:\Program Files\Intel\WiFi\bin\;C:\Program Files\Common Files\Intel\WirelessCommon\
USERNAME=LG
OS=Windows_NT
PROCESSOR_IDENTIFIER=Intel64 Family 6 Model 58 Stepping 9, GenuineIntel



---------------  S Y S T E M  ---------------

OS: Windows 7 , 64 bit Build 7601 Service Pack 1

CPU:total 4 (2 cores per cpu, 2 threads per core) family 6 model 58 stepping 9, cmov, cx8, fxsr, mmx, sse, sse2, sse3, ssse3, sse4.1, sse4.2, popcnt, avx, aes, clmul, erms, ht, tsc, tscinvbit, tscinv

Memory: 4k page, physical 4052348k(173620k free), swap 5473940k(4944k free)

vm_info: Java HotSpot(TM) 64-Bit Server VM (25.20-b23) for windows-amd64 JRE (1.8.0_20-b26), built on Jul 30 2014 13:51:23 by "java_re" with MS VC++ 10.0 (VS2010)

time: Tue Nov 24 15:36:02 2015
elapsed time: 726 seconds (0d 0h 12m 6s)

