#
# There is insufficient memory for the Java Runtime Environment to continue.
# Native memory allocation (malloc) failed to allocate 1710816 bytes for Chunk::new
# Possible reasons:
#   The system is out of physical RAM or swap space
#   In 32 bit mode, the process size limit was hit
# Possible solutions:
#   Reduce memory load on the system
#   Increase physical memory or swap space
#   Check if swap backing store is full
#   Use 64 bit Java on a 64 bit OS
#   Decrease Java heap size (-Xmx/-Xms)
#   Decrease number of Java threads
#   Decrease Java thread stack sizes (-Xss)
#   Set larger code cache with -XX:ReservedCodeCacheSize=
# This output file may be truncated or incomplete.
#
#  Out of Memory Error (allocation.cpp:390), pid=2856, tid=7720
#
# JRE version: Java(TM) SE Runtime Environment (8.0_20-b26) (build 1.8.0_20-b26)
# Java VM: Java HotSpot(TM) 64-Bit Server VM (25.20-b23 mixed mode windows-amd64 compressed oops)
# Failed to write core dump. Minidumps are not enabled by default on client versions of Windows
#

---------------  T H R E A D  ---------------

Current thread (0x000000001513e800):  JavaThread "C2 CompilerThread0" daemon [_thread_in_native, id=7720, stack(0x0000000016c70000,0x0000000016d70000)]

Stack: [0x0000000016c70000,0x0000000016d70000]
Native frames: (J=compiled Java code, j=interpreted, Vv=VM code, C=native code)
V  [jvm.dll+0x3152fa]


Current CompileTask:
C2:  14894 3158       4       com.sun.beans.TypeResolver::resolve (37 bytes)


---------------  P R O C E S S  ---------------

Java Threads: ( => current thread )
  0x000000001acce800 JavaThread "Forward streams with process: command 'C:\Users\LG\AppData\Local\Android\sdk\build-tools\22.0.1\aapt.exe' Thread 3" [_thread_in_native, id=5728, stack(0x000000001e9b0000,0x000000001eab0000)]
  0x000000001acce000 JavaThread "Forward streams with process: command 'C:\Users\LG\AppData\Local\Android\sdk\build-tools\22.0.1\aapt.exe' Thread 2" [_thread_in_native, id=3676, stack(0x000000001e7f0000,0x000000001e8f0000)]
  0x000000001accd000 JavaThread "Forward streams with process: command 'C:\Users\LG\AppData\Local\Android\sdk\build-tools\22.0.1\aapt.exe'" [_thread_blocked, id=8760, stack(0x0000000018c90000,0x0000000018d90000)]
  0x00000000182bd800 JavaThread "Run command 'C:\Users\LG\AppData\Local\Android\sdk\build-tools\22.0.1\aapt.exe'" [_thread_in_native, id=8804, stack(0x000000001c120000,0x000000001c220000)]
  0x000000001c34d000 JavaThread "pool-1-thread-1" [_thread_blocked, id=8568, stack(0x000000001e6b0000,0x000000001e7b0000)]
  0x000000001a0ef800 JavaThread "File lock request listener" [_thread_in_native, id=9160, stack(0x000000001d2a0000,0x000000001d3a0000)]
  0x00000000182df800 JavaThread "Stdin handler" [_thread_blocked, id=4124, stack(0x0000000018eb0000,0x0000000018fb0000)]
  0x0000000018209000 JavaThread "Daemon worker" [_thread_blocked, id=8520, stack(0x0000000019820000,0x0000000019920000)]
  0x00000000181fe000 JavaThread "Cancel handler" [_thread_blocked, id=3268, stack(0x0000000019680000,0x0000000019780000)]
  0x00000000181d1800 JavaThread "Handler for socket connection from /127.0.0.1:29200 to /127.0.0.1:29202" [_thread_in_native, id=4148, stack(0x00000000194e0000,0x00000000195e0000)]
  0x00000000181d0000 JavaThread "Daemon" [_thread_blocked, id=6836, stack(0x00000000193a0000,0x00000000194a0000)]
  0x0000000018154000 JavaThread "Incoming local TCP Connector on port 29200" [_thread_in_native, id=8196, stack(0x0000000018fd0000,0x00000000190d0000)]
  0x00000000165a3800 JavaThread "Service Thread" daemon [_thread_blocked, id=4524, stack(0x0000000017100000,0x0000000017200000)]
  0x000000001651a000 JavaThread "C1 CompilerThread2" daemon [_thread_blocked, id=7204, stack(0x0000000016b40000,0x0000000016c40000)]
  0x0000000016519000 JavaThread "C2 CompilerThread1" daemon [_thread_blocked, id=5704, stack(0x0000000016eb0000,0x0000000016fb0000)]
=>0x000000001513e800 JavaThread "C2 CompilerThread0" daemon [_thread_in_native, id=7720, stack(0x0000000016c70000,0x0000000016d70000)]
  0x000000001650b800 JavaThread "Attach Listener" daemon [_thread_blocked, id=7352, stack(0x0000000016a20000,0x0000000016b20000)]
  0x0000000016508800 JavaThread "Signal Dispatcher" daemon [_thread_blocked, id=9140, stack(0x0000000015f50000,0x0000000016050000)]
  0x00000000150d6000 JavaThread "Finalizer" daemon [_thread_blocked, id=1720, stack(0x0000000016400000,0x0000000016500000)]
  0x00000000150cd000 JavaThread "Reference Handler" daemon [_thread_blocked, id=2548, stack(0x0000000016280000,0x0000000016380000)]
  0x00000000023c8000 JavaThread "main" [_thread_blocked, id=2236, stack(0x0000000002610000,0x0000000002710000)]

Other Threads:
  0x00000000150c7800 VMThread [stack: 0x00000000160a0000,0x00000000161a0000] [id=5780]
  0x00000000165b3800 WatcherThread [stack: 0x0000000017240000,0x0000000017340000] [id=6772]

VM state:not at safepoint (normal execution)

VM Mutex/Monitor currently owned by a thread: None

Heap:
 PSYoungGen      total 167424K, used 66573K [0x00000000eab00000, 0x00000000f9280000, 0x0000000100000000)
  eden space 153600K, 34% used [0x00000000eab00000,0x00000000ede8b430,0x00000000f4100000)
  from space 13824K, 99% used [0x00000000f4100000,0x00000000f4e78010,0x00000000f4e80000)
  to   space 16896K, 0% used [0x00000000f8200000,0x00000000f8200000,0x00000000f9280000)
 ParOldGen       total 58880K, used 26494K [0x00000000c0000000, 0x00000000c3980000, 0x00000000eab00000)
  object space 58880K, 44% used [0x00000000c0000000,0x00000000c19df9d8,0x00000000c3980000)
 Metaspace       used 40602K, capacity 41914K, committed 42112K, reserved 1085440K
  class space    used 5692K, capacity 6216K, committed 6272K, reserved 1048576K

Card table byte_map: [0x0000000011ad0000,0x0000000011ce0000] byte_map_base: 0x00000000114d0000

Marking Bits: (ParMarkBitMap*) 0x000000005134b460
 Begin Bits: [0x0000000012540000, 0x0000000013540000)
 End Bits:   [0x0000000013540000, 0x0000000014540000)

Polling page: 0x0000000000250000

CodeCache: size=245760Kb used=14138Kb max_used=14989Kb free=231621Kb
 bounds [0x0000000002710000, 0x00000000035f0000, 0x0000000011710000]
 total_blobs=4908 nmethods=4234 adapters=586
 compilation: enabled

Compilation events (10 events):
Event: 13.883 Thread 0x0000000016519000 4654       4       org.codehaus.groovy.util.AbstractConcurrentMap$Segment::getOrPut (121 bytes)
Event: 13.890 Thread 0x0000000016519000 nmethod 4654 0x00000000029e21d0 code [0x00000000029e2360, 0x00000000029e2748]
Event: 13.890 Thread 0x0000000016519000 4647       4       groovyjarjarasm.asm.Item::a (143 bytes)
Event: 13.909 Thread 0x0000000016519000 nmethod 4647 0x000000000306d250 code [0x000000000306d4e0, 0x000000000306dd58]
Event: 13.909 Thread 0x0000000016519000 4633       4       java.util.HashMap$EntryIterator::next (5 bytes)
Event: 13.913 Thread 0x0000000016519000 nmethod 4633 0x00000000028bff50 code [0x00000000028c00a0, 0x00000000028c0258]
Event: 13.913 Thread 0x0000000016519000 4660       4       java.util.ArrayList::toArray (60 bytes)
Event: 13.919 Thread 0x0000000016519000 nmethod 4660 0x0000000002a9c650 code [0x0000000002a9c7a0, 0x0000000002a9cc78]
Event: 13.919 Thread 0x0000000016519000 4628       4       java.util.AbstractList::iterator (10 bytes)
Event: 13.920 Thread 0x0000000016519000 nmethod 4628 0x0000000002b849d0 code [0x0000000002b84b20, 0x0000000002b84c08]

GC Heap History (10 events):
Event: 5.787 GC heap before
{Heap before GC invocations=9 (full 1):
 PSYoungGen      total 71168K, used 62464K [0x00000000eab00000, 0x00000000f3500000, 0x0000000100000000)
  eden space 62464K, 100% used [0x00000000eab00000,0x00000000ee800000,0x00000000ee800000)
  from space 8704K, 0% used [0x00000000ee800000,0x00000000ee800000,0x00000000ef080000)
  to   space 8192K, 0% used [0x00000000f2d00000,0x00000000f2d00000,0x00000000f3500000)
 ParOldGen       total 35328K, used 10770K [0x00000000c0000000, 0x00000000c2280000, 0x00000000eab00000)
  object space 35328K, 30% used [0x00000000c0000000,0x00000000c0a84aa0,0x00000000c2280000)
 Metaspace       used 25727K, capacity 26246K, committed 26496K, reserved 1073152K
  class space    used 3475K, capacity 3662K, committed 3712K, reserved 1048576K
Event: 5.814 GC heap after
Heap after GC invocations=9 (full 1):
 PSYoungGen      total 115200K, used 6444K [0x00000000eab00000, 0x00000000f3380000, 0x0000000100000000)
  eden space 108544K, 0% used [0x00000000eab00000,0x00000000eab00000,0x00000000f1500000)
  from space 6656K, 96% used [0x00000000f2d00000,0x00000000f334b218,0x00000000f3380000)
  to   space 8192K, 0% used [0x00000000f2380000,0x00000000f2380000,0x00000000f2b80000)
 ParOldGen       total 35328K, used 10778K [0x00000000c0000000, 0x00000000c2280000, 0x00000000eab00000)
  object space 35328K, 30% used [0x00000000c0000000,0x00000000c0a86aa0,0x00000000c2280000)
 Metaspace       used 25727K, capacity 26246K, committed 26496K, reserved 1073152K
  class space    used 3475K, capacity 3662K, committed 3712K, reserved 1048576K
}
Event: 8.036 GC heap before
{Heap before GC invocations=10 (full 1):
 PSYoungGen      total 115200K, used 114988K [0x00000000eab00000, 0x00000000f3380000, 0x0000000100000000)
  eden space 108544K, 100% used [0x00000000eab00000,0x00000000f1500000,0x00000000f1500000)
  from space 6656K, 96% used [0x00000000f2d00000,0x00000000f334b218,0x00000000f3380000)
  to   space 8192K, 0% used [0x00000000f2380000,0x00000000f2380000,0x00000000f2b80000)
 ParOldGen       total 35328K, used 10778K [0x00000000c0000000, 0x00000000c2280000, 0x00000000eab00000)
  object space 35328K, 30% used [0x00000000c0000000,0x00000000c0a86aa0,0x00000000c2280000)
 Metaspace       used 32159K, capacity 32972K, committed 33152K, reserved 1077248K
  class space    used 4393K, capacity 4724K, committed 4736K, reserved 1048576K
Event: 8.107 GC heap after
Heap after GC invocations=10 (full 1):
 PSYoungGen      total 131584K, used 8180K [0x00000000eab00000, 0x00000000f5a80000, 0x0000000100000000)
  eden space 123392K, 0% used [0x00000000eab00000,0x00000000eab00000,0x00000000f2380000)
  from space 8192K, 99% used [0x00000000f2380000,0x00000000f2b7d040,0x00000000f2b80000)
  to   space 12288K, 0% used [0x00000000f4e80000,0x00000000f4e80000,0x00000000f5a80000)
 ParOldGen       total 35328K, used 17920K [0x00000000c0000000, 0x00000000c2280000, 0x00000000eab00000)
  object space 35328K, 50% used [0x00000000c0000000,0x00000000c11803b8,0x00000000c2280000)
 Metaspace       used 32159K, capacity 32972K, committed 33152K, reserved 1077248K
  class space    used 4393K, capacity 4724K, committed 4736K, reserved 1048576K
}
Event: 8.961 GC heap before
{Heap before GC invocations=11 (full 1):
 PSYoungGen      total 131584K, used 51140K [0x00000000eab00000, 0x00000000f5a80000, 0x0000000100000000)
  eden space 123392K, 34% used [0x00000000eab00000,0x00000000ed4f4050,0x00000000f2380000)
  from space 8192K, 99% used [0x00000000f2380000,0x00000000f2b7d040,0x00000000f2b80000)
  to   space 12288K, 0% used [0x00000000f4e80000,0x00000000f4e80000,0x00000000f5a80000)
 ParOldGen       total 35328K, used 17920K [0x00000000c0000000, 0x00000000c2280000, 0x00000000eab00000)
  object space 35328K, 50% used [0x00000000c0000000,0x00000000c11803b8,0x00000000c2280000)
 Metaspace       used 34620K, capacity 35466K, committed 35496K, reserved 1079296K
  class space    used 4770K, capacity 5106K, committed 5120K, reserved 1048576K
Event: 8.992 GC heap after
Heap after GC invocations=11 (full 1):
 PSYoungGen      total 165888K, used 11835K [0x00000000eab00000, 0x00000000f7080000, 0x0000000100000000)
  eden space 153600K, 0% used [0x00000000eab00000,0x00000000eab00000,0x00000000f4100000)
  from space 12288K, 96% used [0x00000000f4e80000,0x00000000f5a0ecb0,0x00000000f5a80000)
  to   space 13824K, 0% used [0x00000000f4100000,0x00000000f4100000,0x00000000f4e80000)
 ParOldGen       total 35328K, used 20373K [0x00000000c0000000, 0x00000000c2280000, 0x00000000eab00000)
  object space 35328K, 57% used [0x00000000c0000000,0x00000000c13e5408,0x00000000c2280000)
 Metaspace       used 34620K, capacity 35466K, committed 35496K, reserved 1079296K
  class space    used 4770K, capacity 5106K, committed 5120K, reserved 1048576K
}
Event: 8.992 GC heap before
{Heap before GC invocations=12 (full 2):
 PSYoungGen      total 165888K, used 11835K [0x00000000eab00000, 0x00000000f7080000, 0x0000000100000000)
  eden space 153600K, 0% used [0x00000000eab00000,0x00000000eab00000,0x00000000f4100000)
  from space 12288K, 96% used [0x00000000f4e80000,0x00000000f5a0ecb0,0x00000000f5a80000)
  to   space 13824K, 0% used [0x00000000f4100000,0x00000000f4100000,0x00000000f4e80000)
 ParOldGen       total 35328K, used 20373K [0x00000000c0000000, 0x00000000c2280000, 0x00000000eab00000)
  object space 35328K, 57% used [0x00000000c0000000,0x00000000c13e5408,0x00000000c2280000)
 Metaspace       used 34620K, capacity 35466K, committed 35496K, reserved 1079296K
  class space    used 4770K, capacity 5106K, committed 5120K, reserved 1048576K
Event: 9.210 GC heap after
Heap after GC invocations=12 (full 2):
 PSYoungGen      total 165888K, used 0K [0x00000000eab00000, 0x00000000f7080000, 0x0000000100000000)
  eden space 153600K, 0% used [0x00000000eab00000,0x00000000eab00000,0x00000000f4100000)
  from space 12288K, 0% used [0x00000000f4e80000,0x00000000f4e80000,0x00000000f5a80000)
  to   space 13824K, 0% used [0x00000000f4100000,0x00000000f4100000,0x00000000f4e80000)
 ParOldGen       total 58880K, used 23548K [0x00000000c0000000, 0x00000000c3980000, 0x00000000eab00000)
  object space 58880K, 39% used [0x00000000c0000000,0x00000000c16ff248,0x00000000c3980000)
 Metaspace       used 34620K, capacity 35466K, committed 35496K, reserved 1079296K
  class space    used 4770K, capacity 5106K, committed 5120K, reserved 1048576K
}
Event: 12.139 GC heap before
{Heap before GC invocations=13 (full 2):
 PSYoungGen      total 165888K, used 153600K [0x00000000eab00000, 0x00000000f7080000, 0x0000000100000000)
  eden space 153600K, 100% used [0x00000000eab00000,0x00000000f4100000,0x00000000f4100000)
  from space 12288K, 0% used [0x00000000f4e80000,0x00000000f4e80000,0x00000000f5a80000)
  to   space 13824K, 0% used [0x00000000f4100000,0x00000000f4100000,0x00000000f4e80000)
 ParOldGen       total 58880K, used 23548K [0x00000000c0000000, 0x00000000c3980000, 0x00000000eab00000)
  object space 58880K, 39% used [0x00000000c0000000,0x00000000c16ff248,0x00000000c3980000)
 Metaspace       used 39603K, capacity 40726K, committed 40832K, reserved 1083392K
  class space    used 5512K, capacity 5916K, committed 6016K, reserved 1048576K
Event: 12.193 GC heap after
Heap after GC invocations=13 (full 2):
 PSYoungGen      total 167424K, used 13792K [0x00000000eab00000, 0x00000000f9280000, 0x0000000100000000)
  eden space 153600K, 0% used [0x00000000eab00000,0x00000000eab00000,0x00000000f4100000)
  from space 13824K, 99% used [0x00000000f4100000,0x00000000f4e78010,0x00000000f4e80000)
  to   space 16896K, 0% used [0x00000000f8200000,0x00000000f8200000,0x00000000f9280000)
 ParOldGen       total 58880K, used 26494K [0x00000000c0000000, 0x00000000c3980000, 0x00000000eab00000)
  object space 58880K, 44% used [0x00000000c0000000,0x00000000c19df9d8,0x00000000c3980000)
 Metaspace       used 39603K, capacity 40726K, committed 40832K, reserved 1083392K
  class space    used 5512K, capacity 5916K, committed 6016K, reserved 1048576K
}

Deoptimization events (10 events):
Event: 12.693 Thread 0x0000000018209000 Uncommon trap: reason=array_check action=maybe_recompile pc=0x0000000003550fa8 method=java.util.AbstractCollection.toArray([Ljava/lang/Object;)[Ljava/lang/Object; @ 119
Event: 12.694 Thread 0x0000000018209000 Uncommon trap: reason=array_check action=maybe_recompile pc=0x0000000003550fa8 method=java.util.AbstractCollection.toArray([Ljava/lang/Object;)[Ljava/lang/Object; @ 119
Event: 12.695 Thread 0x0000000018209000 Uncommon trap: reason=array_check action=maybe_recompile pc=0x0000000003550fa8 method=java.util.AbstractCollection.toArray([Ljava/lang/Object;)[Ljava/lang/Object; @ 119
Event: 12.696 Thread 0x0000000018209000 Uncommon trap: reason=array_check action=maybe_recompile pc=0x0000000003550fa8 method=java.util.AbstractCollection.toArray([Ljava/lang/Object;)[Ljava/lang/Object; @ 119
Event: 12.805 Thread 0x0000000018209000 Uncommon trap: reason=unreached action=reinterpret pc=0x00000000031454f0 method=com.sun.org.apache.xerces.internal.dom.DeferredDocumentImpl.getChunkIndex([[III)I @ 3
Event: 12.807 Thread 0x0000000018209000 Uncommon trap: reason=unreached action=reinterpret pc=0x000000000313f730 method=com.sun.org.apache.xerces.internal.dom.DeferredDocumentImpl.getChunkIndex([[III)I @ 3
Event: 12.935 Thread 0x000000001c34d000 Uncommon trap: reason=unreached action=reinterpret pc=0x00000000034aecd0 method=java.util.concurrent.locks.AbstractQueuedSynchronizer.release(I)Z @ 14
Event: 12.935 Thread 0x0000000018209000 Uncommon trap: reason=unreached action=reinterpret pc=0x0000000003287804 method=java.util.concurrent.locks.AbstractQueuedSynchronizer.release(I)Z @ 14
Event: 12.972 Thread 0x0000000018209000 Uncommon trap: reason=unreached action=reinterpret pc=0x0000000002faead4 method=com.sun.org.apache.xerces.internal.dom.ParentNode.nodeListItem(I)Lorg/w3c/dom/Node; @ 15
Event: 12.999 Thread 0x0000000018209000 Uncommon trap: reason=unreached action=reinterpret pc=0x0000000002fa6e14 method=com.sun.org.apache.xerces.internal.dom.ParentNode.nodeListItem(I)Lorg/w3c/dom/Node; @ 15

Internal exceptions (10 events):
Event: 13.644 Thread 0x00000000182bd800 Exception <a 'java/security/PrivilegedActionException'> (0x00000000ed89fc58) thrown at [D:\re\workspace\8-2-build-windows-amd64-cygwin\jdk8u20\1074\hotspot\src\share\vm\prims\jvm.cpp, line 1275]
Event: 13.644 Thread 0x00000000182bd800 Exception <a 'java/security/PrivilegedActionException'> (0x00000000ed8a0480) thrown at [D:\re\workspace\8-2-build-windows-amd64-cygwin\jdk8u20\1074\hotspot\src\share\vm\prims\jvm.cpp, line 1275]
Event: 13.645 Thread 0x00000000182bd800 Exception <a 'java/security/PrivilegedActionException'> (0x00000000ed8a3bb0) thrown at [D:\re\workspace\8-2-build-windows-amd64-cygwin\jdk8u20\1074\hotspot\src\share\vm\prims\jvm.cpp, line 1275]
Event: 13.645 Thread 0x00000000182bd800 Exception <a 'java/security/PrivilegedActionException'> (0x00000000ed8a4318) thrown at [D:\re\workspace\8-2-build-windows-amd64-cygwin\jdk8u20\1074\hotspot\src\share\vm\prims\jvm.cpp, line 1275]
Event: 13.646 Thread 0x00000000182bd800 Exception <a 'java/security/PrivilegedActionException'> (0x00000000ed8a8628) thrown at [D:\re\workspace\8-2-build-windows-amd64-cygwin\jdk8u20\1074\hotspot\src\share\vm\prims\jvm.cpp, line 1275]
Event: 13.646 Thread 0x00000000182bd800 Exception <a 'java/security/PrivilegedActionException'> (0x00000000ed8a8e58) thrown at [D:\re\workspace\8-2-build-windows-amd64-cygwin\jdk8u20\1074\hotspot\src\share\vm\prims\jvm.cpp, line 1275]
Event: 13.648 Thread 0x00000000182bd800 Exception <a 'java/security/PrivilegedActionException'> (0x00000000ed8ae000) thrown at [D:\re\workspace\8-2-build-windows-amd64-cygwin\jdk8u20\1074\hotspot\src\share\vm\prims\jvm.cpp, line 1275]
Event: 13.648 Thread 0x00000000182bd800 Exception <a 'java/security/PrivilegedActionException'> (0x00000000ed8ae898) thrown at [D:\re\workspace\8-2-build-windows-amd64-cygwin\jdk8u20\1074\hotspot\src\share\vm\prims\jvm.cpp, line 1275]
Event: 13.649 Thread 0x00000000182bd800 Exception <a 'java/security/PrivilegedActionException'> (0x00000000ed8b2960) thrown at [D:\re\workspace\8-2-build-windows-amd64-cygwin\jdk8u20\1074\hotspot\src\share\vm\prims\jvm.cpp, line 1275]
Event: 13.649 Thread 0x00000000182bd800 Exception <a 'java/security/PrivilegedActionException'> (0x00000000ed8b3310) thrown at [D:\re\workspace\8-2-build-windows-amd64-cygwin\jdk8u20\1074\hotspot\src\share\vm\prims\jvm.cpp, line 1275]

Events (10 events):
Event: 13.648 Executing VM operation: RevokeBias done
Event: 13.648 loading class org/gradle/process/internal/shutdown/ShutdownHookActionRegister
Event: 13.648 loading class org/gradle/process/internal/shutdown/ShutdownHookActionRegister done
Event: 13.649 loading class org/gradle/process/internal/shutdown/ShutdownHookActionRegister$GradleShutdownHook
Event: 13.649 loading class org/gradle/process/internal/shutdown/ShutdownHookActionRegister$GradleShutdownHook done
Event: 13.650 Thread 0x000000001accd000 Thread added: 0x000000001accd000
Event: 13.650 Executing VM operation: RevokeBias
Event: 13.650 Thread 0x000000001acce000 Thread added: 0x000000001acce000
Event: 13.652 Executing VM operation: RevokeBias done
Event: 13.653 Thread 0x000000001acce800 Thread added: 0x000000001acce800


Dynamic libraries:
0x000000013f450000 - 0x000000013f484000 	C:\Program Files\Java\jdk1.8.0_20\bin\java.exe
0x0000000076e50000 - 0x0000000076ff9000 	C:\Windows\SYSTEM32\ntdll.dll
0x0000000076d30000 - 0x0000000076e50000 	C:\Windows\system32\kernel32.dll
0x000007fefcc50000 - 0x000007fefccbc000 	C:\Windows\system32\KERNELBASE.dll
0x000007fefe840000 - 0x000007fefe91b000 	C:\Windows\system32\ADVAPI32.dll
0x000007fefeb70000 - 0x000007fefec0f000 	C:\Windows\system32\msvcrt.dll
0x000007fefd0a0000 - 0x000007fefd0bf000 	C:\Windows\SYSTEM32\sechost.dll
0x000007fefd450000 - 0x000007fefd57d000 	C:\Windows\system32\RPCRT4.dll
0x0000000076c30000 - 0x0000000076d2a000 	C:\Windows\system32\USER32.dll
0x000007fefedf0000 - 0x000007fefee57000 	C:\Windows\system32\GDI32.dll
0x000007fefea00000 - 0x000007fefea0e000 	C:\Windows\system32\LPK.dll
0x000007fefee60000 - 0x000007fefef29000 	C:\Windows\system32\USP10.dll
0x000007fefb5f0000 - 0x000007fefb7e4000 	C:\Windows\WinSxS\amd64_microsoft.windows.common-controls_6595b64144ccf1df_6.0.7601.18837_none_fa3b1e3d17594757\COMCTL32.dll
0x000007fefd0c0000 - 0x000007fefd131000 	C:\Windows\system32\SHLWAPI.dll
0x000007fefd850000 - 0x000007fefd87e000 	C:\Windows\system32\IMM32.DLL
0x000007fefea10000 - 0x000007fefeb19000 	C:\Windows\system32\MSCTF.dll
0x0000000070b80000 - 0x0000000070c52000 	C:\Program Files\Java\jdk1.8.0_20\jre\bin\msvcr100.dll
0x0000000050b70000 - 0x00000000513c8000 	C:\Program Files\Java\jdk1.8.0_20\jre\bin\server\jvm.dll
0x000007fef7ab0000 - 0x000007fef7ab9000 	C:\Windows\system32\WSOCK32.dll
0x000007fefeb20000 - 0x000007fefeb6d000 	C:\Windows\system32\WS2_32.dll
0x000007fefd090000 - 0x000007fefd098000 	C:\Windows\system32\NSI.dll
0x000007fefa820000 - 0x000007fefa85b000 	C:\Windows\system32\WINMM.dll
0x0000000077010000 - 0x0000000077017000 	C:\Windows\system32\PSAPI.DLL
0x0000000070630000 - 0x000000007063f000 	C:\Program Files\Java\jdk1.8.0_20\jre\bin\verify.dll
0x0000000070600000 - 0x0000000070628000 	C:\Program Files\Java\jdk1.8.0_20\jre\bin\java.dll
0x00000000705e0000 - 0x00000000705f6000 	C:\Program Files\Java\jdk1.8.0_20\jre\bin\zip.dll
0x000007fefd880000 - 0x000007fefe609000 	C:\Windows\system32\SHELL32.dll
0x000007fefe630000 - 0x000007fefe833000 	C:\Windows\system32\ole32.dll
0x000007fefcc00000 - 0x000007fefcc0f000 	C:\Windows\system32\profapi.dll
0x00000000705c0000 - 0x00000000705da000 	C:\Program Files\Java\jdk1.8.0_20\jre\bin\net.dll
0x000007fefc410000 - 0x000007fefc465000 	C:\Windows\system32\mswsock.dll
0x000007fefc560000 - 0x000007fefc567000 	C:\Windows\System32\wship6.dll
0x00000000705a0000 - 0x00000000705b1000 	C:\Program Files\Java\jdk1.8.0_20\jre\bin\nio.dll
0x000007fef7550000 - 0x000007fef7562000 	C:\Users\LG\.gradle\native\19\windows-amd64\native-platform.dll
0x000007fefa520000 - 0x000007fefa547000 	C:\Windows\system32\IPHLPAPI.DLL
0x000007fefa510000 - 0x000007fefa51b000 	C:\Windows\system32\WINNSI.DLL
0x000007fefa320000 - 0x000007fefa331000 	C:\Windows\system32\dhcpcsvc6.DLL
0x000007fefa300000 - 0x000007fefa318000 	C:\Windows\system32\dhcpcsvc.DLL
0x000007fefc470000 - 0x000007fefc488000 	C:\Windows\system32\CRYPTSP.dll
0x000007fefc180000 - 0x000007fefc1c7000 	C:\Windows\system32\rsaenh.dll
0x000007fefcc30000 - 0x000007fefcc4e000 	C:\Windows\system32\USERENV.dll
0x000007fefca50000 - 0x000007fefca5f000 	C:\Windows\system32\CRYPTBASE.dll
0x000007fefc9f0000 - 0x000007fefca47000 	C:\Windows\system32\apphelp.dll

VM Arguments:
jvm_args: -XX:MaxPermSize=256m -XX:+HeapDumpOnOutOfMemoryError -Xmx1024m -Dfile.encoding=x-windows-949 -Duser.country=KR -Duser.language=ko -Duser.variant 
java_command: org.gradle.launcher.daemon.bootstrap.GradleDaemon 2.4 C:\Users\LG\.gradle C:\Users\LG\.gradle\daemon 10800000 d966140b-cb29-4c94-863c-5f36dcc7f989 -XX:MaxPermSize=256m -XX:+HeapDumpOnOutOfMemoryError -Xmx1024m -Dfile.encoding=x-windows-949 -Duser.country=KR -Duser.language=ko -Duser.variant
java_class_path (initial): C:\Users\LG\.gradle\wrapper\dists\gradle-2.4-all\6r4uqcc6ovnq6ac6s0txzcpc0\gradle-2.4\lib\gradle-launcher-2.4.jar
Launcher Type: SUN_STANDARD

Environment Variables:
JAVA_HOME=C:\Program Files\Java\jdk1.8.0_20
CLASSPATH=%classpath%;.;C:\Users\LG\Desktop\tla\tla;.;C:\Users\LG\Desktop\tla\tla;.;C:\Users\LG\Desktop\tla\tla;.;C:\Users\LG\Desktop\tla\tla
PATH=C:\ProgramData\Oracle\Java\javapath;C:\Program Files (x86)\Intel\iCLS Client\;C:\Program Files\Intel\iCLS Client\;C:\Windows\system32;C:\Windows;C:\Windows\System32\Wbem;C:\Windows\System32\WindowsPowerShell\v1.0\;C:\Program Files\Intel\Intel(R) Management Engine Components\DAL;C:\Program Files\Intel\Intel(R) Management Engine Components\IPT;C:\Program Files (x86)\Intel\Intel(R) Management Engine Components\DAL;C:\Program Files (x86)\Intel\Intel(R) Management Engine Components\IPT;C:\Program Files (x86)\Microsoft SQL Server\100\Tools\Binn\;C:\Program Files\Microsoft SQL Server\100\Tools\Binn\;C:\Program Files\Microsoft SQL Server\100\DTS\Binn\;C:\Program Files\Microsoft SQL Server\Client SDK\ODBC\110\Tools\Binn\;C:\Program Files (x86)\Microsoft SQL Server\120\Tools\Binn\;C:\Program Files\Microsoft SQL Server\120\Tools\Binn\;C:\Program Files\Microsoft SQL Server\120\DTS\Binn\;C:\Program Files (x86)\Microsoft SQL Server\120\Tools\Binn\ManagementStudio\;C:\Program Files (x86)\Microsoft SQL Server\120\DTS\Binn\;C:\Program Files\Java\jdk1.8.0_20\bin;C:\Program Files\TortoiseSVN\bin;C:\Python27;C:\Program Files\Java\jdk1.8.0_20\bin;C:\Users\LG\android-sdk\tools;C:\Users\LG\Desktop\tool\apache-maven-3.2.5\bin;C:\Users\LG\Desktop\tool\apache-ant-1.9.4\bin;C:\Users\LG\Desktop\NuSMV\bin;C:\masm32\lib;C:\Program Files (x86)\Git\bin;C:\masm32\bin;C:\Users\LG\AppData\Local\Android\android-sdk;C:\Program Files (x86)\nodejs\;C:\Program Files (x86)\Skype\Phone\;C:\Users\LG\Desktop\tla\tla;C:\Program Files\Intel\WiFi\bin\;C:\Program Files\Common Files\Intel\WirelessCommon\;C:\Python27;C:\Program Files\Java\jdk1.8.0_20\bin;C:\masm32\lib;C:\masm32\bin;C:\Users\LG\AppData\Roaming\npm;C:\Users\LG\Desktop\tla\tla;C:\texlive\2015\bin\win32;C:\Program Files\Intel\WiFi\bin\;C:\Program Files\Common Files\Intel\WirelessCommon\
USERNAME=LG
OS=Windows_NT
PROCESSOR_IDENTIFIER=Intel64 Family 6 Model 58 Stepping 9, GenuineIntel



---------------  S Y S T E M  ---------------

OS: Windows 7 , 64 bit Build 7601 Service Pack 1

CPU:total 4 (2 cores per cpu, 2 threads per core) family 6 model 58 stepping 9, cmov, cx8, fxsr, mmx, sse, sse2, sse3, ssse3, sse4.1, sse4.2, popcnt, avx, aes, clmul, erms, ht, tsc, tscinvbit, tscinv

Memory: 4k page, physical 4052348k(225092k free), swap 5473940k(5868k free)

vm_info: Java HotSpot(TM) 64-Bit Server VM (25.20-b23) for windows-amd64 JRE (1.8.0_20-b26), built on Jul 30 2014 13:51:23 by "java_re" with MS VC++ 10.0 (VS2010)

time: Tue Nov 24 15:40:06 2015
elapsed time: 14 seconds (0d 0h 0m 14s)

